{"E:\\school\\BI\\API\\src\\controllers\\client.controller.ts": {"path":"E:\\school\\BI\\API\\src\\controllers\\client.controller.ts","statementMap":{"0":{"start":{"line":2,"column":0},"end":{"line":2,"column":66}},"1":{"start":{"line":3,"column":0},"end":{"line":3,"column":null}},"2":{"start":{"line":14,"column":0},"end":{"line":36,"column":null}},"3":{"start":{"line":19,"column":4},"end":{"line":19,"column":30}},"4":{"start":{"line":24,"column":4},"end":{"line":24,"column":36}},"5":{"start":{"line":29,"column":4},"end":{"line":29,"column":39}},"6":{"start":{"line":34,"column":4},"end":{"line":34,"column":42}},"7":{"start":{"line":18,"column":2},"end":{"line":20,"column":null}},"8":{"start":{"line":23,"column":2},"end":{"line":25,"column":null}},"9":{"start":{"line":28,"column":2},"end":{"line":30,"column":null}},"10":{"start":{"line":33,"column":1},"end":{"line":35,"column":null}},"11":{"start":{"line":14,"column":21},"end":{"line":36,"column":null}},"12":{"start":{"line":14,"column":21},"end":{"line":14,"column":null}}},"fnMap":{"0":{"name":"(anonymous_11)","decl":{"start":{"line":18,"column":15},"end":{"line":18,"column":25}},"loc":{"start":{"line":18,"column":25},"end":{"line":20,"column":null}}},"1":{"name":"(anonymous_13)","decl":{"start":{"line":23,"column":15},"end":{"line":23,"column":27}},"loc":{"start":{"line":23,"column":48},"end":{"line":25,"column":null}}},"2":{"name":"(anonymous_15)","decl":{"start":{"line":28,"column":15},"end":{"line":28,"column":24}},"loc":{"start":{"line":28,"column":51},"end":{"line":30,"column":null}}},"3":{"name":"(anonymous_17)","decl":{"start":{"line":33,"column":14},"end":{"line":33,"column":26}},"loc":{"start":{"line":33,"column":46},"end":{"line":35,"column":null}}}},"branchMap":{},"s":{"0":2,"1":2,"2":2,"3":1,"4":1,"5":1,"6":1,"7":2,"8":2,"9":2,"10":2,"11":2,"12":2},"f":{"0":1,"1":1,"2":1,"3":1},"b":{}}
,"E:\\school\\BI\\API\\src\\controllers\\co2.controller.ts": {"path":"E:\\school\\BI\\API\\src\\controllers\\co2.controller.ts","statementMap":{"0":{"start":{"line":2,"column":0},"end":{"line":2,"column":66}},"1":{"start":{"line":3,"column":0},"end":{"line":3,"column":null}},"2":{"start":{"line":12,"column":0},"end":{"line":32,"column":null}},"3":{"start":{"line":15,"column":4},"end":{"line":15,"column":27}},"4":{"start":{"line":20,"column":4},"end":{"line":20,"column":33}},"5":{"start":{"line":25,"column":4},"end":{"line":25,"column":64}},"6":{"start":{"line":30,"column":4},"end":{"line":30,"column":null}},"7":{"start":{"line":14,"column":2},"end":{"line":16,"column":null}},"8":{"start":{"line":19,"column":2},"end":{"line":21,"column":null}},"9":{"start":{"line":24,"column":2},"end":{"line":26,"column":null}},"10":{"start":{"line":29,"column":2},"end":{"line":31,"column":null}},"11":{"start":{"line":12,"column":21},"end":{"line":32,"column":null}},"12":{"start":{"line":12,"column":21},"end":{"line":12,"column":null}}},"fnMap":{"0":{"name":"(anonymous_11)","decl":{"start":{"line":14,"column":15},"end":{"line":14,"column":22}},"loc":{"start":{"line":14,"column":22},"end":{"line":16,"column":null}}},"1":{"name":"(anonymous_13)","decl":{"start":{"line":19,"column":15},"end":{"line":19,"column":24}},"loc":{"start":{"line":19,"column":46},"end":{"line":21,"column":null}}},"2":{"name":"(anonymous_15)","decl":{"start":{"line":24,"column":15},"end":{"line":24,"column":21}},"loc":{"start":{"line":24,"column":124},"end":{"line":26,"column":null}}},"3":{"name":"(anonymous_17)","decl":{"start":{"line":29,"column":15},"end":{"line":29,"column":24}},"loc":{"start":{"line":29,"column":95},"end":{"line":31,"column":null}}}},"branchMap":{},"s":{"0":2,"1":2,"2":2,"3":1,"4":1,"5":1,"6":1,"7":2,"8":2,"9":2,"10":2,"11":2,"12":2},"f":{"0":1,"1":1,"2":1,"3":1},"b":{}}
,"E:\\school\\BI\\API\\src\\controllers\\route.controller.ts": {"path":"E:\\school\\BI\\API\\src\\controllers\\route.controller.ts","statementMap":{"0":{"start":{"line":2,"column":0},"end":{"line":2,"column":58}},"1":{"start":{"line":3,"column":0},"end":{"line":3,"column":null}},"2":{"start":{"line":11,"column":0},"end":{"line":26,"column":null}},"3":{"start":{"line":14,"column":4},"end":{"line":14,"column":23}},"4":{"start":{"line":19,"column":4},"end":{"line":19,"column":29}},"5":{"start":{"line":24,"column":4},"end":{"line":24,"column":29}},"6":{"start":{"line":13,"column":2},"end":{"line":15,"column":null}},"7":{"start":{"line":18,"column":2},"end":{"line":20,"column":null}},"8":{"start":{"line":23,"column":2},"end":{"line":25,"column":null}},"9":{"start":{"line":11,"column":21},"end":{"line":26,"column":null}},"10":{"start":{"line":11,"column":21},"end":{"line":11,"column":null}}},"fnMap":{"0":{"name":"(anonymous_11)","decl":{"start":{"line":13,"column":15},"end":{"line":13,"column":24}},"loc":{"start":{"line":13,"column":24},"end":{"line":15,"column":null}}},"1":{"name":"(anonymous_13)","decl":{"start":{"line":18,"column":15},"end":{"line":18,"column":26}},"loc":{"start":{"line":18,"column":47},"end":{"line":20,"column":null}}},"2":{"name":"(anonymous_15)","decl":{"start":{"line":23,"column":15},"end":{"line":23,"column":23}},"loc":{"start":{"line":23,"column":47},"end":{"line":25,"column":null}}}},"branchMap":{},"s":{"0":2,"1":2,"2":2,"3":0,"4":0,"5":0,"6":2,"7":2,"8":2,"9":2,"10":2},"f":{"0":0,"1":0,"2":0},"b":{}}
,"E:\\school\\BI\\API\\src\\repositories\\client.repository.ts": {"path":"E:\\school\\BI\\API\\src\\repositories\\client.repository.ts","statementMap":{"0":{"start":{"line":1,"column":0},"end":{"line":1,"column":61}},"1":{"start":{"line":4,"column":26},"end":{"line":9,"column":null}},"2":{"start":{"line":4,"column":56},"end":{"line":9,"column":null}},"3":{"start":{"line":6,"column":19},"end":{"line":6,"column":37}},"4":{"start":{"line":7,"column":4},"end":{"line":7,"column":42}},"5":{"start":{"line":4,"column":13},"end":{"line":4,"column":26}},"6":{"start":{"line":12,"column":28},"end":{"line":17,"column":null}},"7":{"start":{"line":12,"column":71},"end":{"line":17,"column":null}},"8":{"start":{"line":13,"column":19},"end":{"line":13,"column":37}},"9":{"start":{"line":14,"column":4},"end":{"line":16,"column":7}},"10":{"start":{"line":12,"column":13},"end":{"line":12,"column":28}},"11":{"start":{"line":20,"column":25},"end":{"line":28,"column":4}},"12":{"start":{"line":20,"column":70},"end":{"line":28,"column":4}},"13":{"start":{"line":21,"column":19},"end":{"line":21,"column":37}},"14":{"start":{"line":22,"column":4},"end":{"line":22,"column":20}},"15":{"start":{"line":23,"column":4},"end":{"line":27,"column":null}},"16":{"start":{"line":20,"column":13},"end":{"line":20,"column":25}},"17":{"start":{"line":30,"column":31},"end":{"line":37,"column":null}},"18":{"start":{"line":30,"column":76},"end":{"line":37,"column":null}},"19":{"start":{"line":31,"column":19},"end":{"line":31,"column":37}},"20":{"start":{"line":32,"column":4},"end":{"line":36,"column":null}},"21":{"start":{"line":30,"column":16},"end":{"line":30,"column":31}}},"fnMap":{"0":{"name":"(anonymous_7)","decl":{"start":{"line":4,"column":26},"end":{"line":4,"column":54}},"loc":{"start":{"line":4,"column":56},"end":{"line":9,"column":null}}},"1":{"name":"(anonymous_8)","decl":{"start":{"line":4,"column":56},"end":{"line":4,"column":null}},"loc":{"start":{"line":4,"column":56},"end":{"line":9,"column":1}}},"2":{"name":"(anonymous_9)","decl":{"start":{"line":12,"column":28},"end":{"line":12,"column":35}},"loc":{"start":{"line":12,"column":71},"end":{"line":17,"column":null}}},"3":{"name":"(anonymous_10)","decl":{"start":{"line":12,"column":71},"end":{"line":12,"column":null}},"loc":{"start":{"line":12,"column":71},"end":{"line":17,"column":1}}},"4":{"name":"(anonymous_11)","decl":{"start":{"line":20,"column":25},"end":{"line":20,"column":32}},"loc":{"start":{"line":20,"column":70},"end":{"line":28,"column":4}}},"5":{"name":"(anonymous_12)","decl":{"start":{"line":20,"column":70},"end":{"line":20,"column":null}},"loc":{"start":{"line":20,"column":70},"end":{"line":28,"column":3}}},"6":{"name":"(anonymous_13)","decl":{"start":{"line":30,"column":31},"end":{"line":30,"column":38}},"loc":{"start":{"line":30,"column":76},"end":{"line":37,"column":null}}},"7":{"name":"(anonymous_14)","decl":{"start":{"line":30,"column":76},"end":{"line":30,"column":null}},"loc":{"start":{"line":30,"column":76},"end":{"line":37,"column":3}}}},"branchMap":{},"s":{"0":2,"1":2,"2":1,"3":1,"4":1,"5":2,"6":2,"7":1,"8":1,"9":1,"10":2,"11":2,"12":1,"13":1,"14":1,"15":1,"16":2,"17":2,"18":1,"19":1,"20":1,"21":2},"f":{"0":1,"1":1,"2":1,"3":1,"4":1,"5":1,"6":1,"7":1},"b":{}}
,"E:\\school\\BI\\API\\src\\repositories\\co2.repository.ts": {"path":"E:\\school\\BI\\API\\src\\repositories\\co2.repository.ts","statementMap":{"0":{"start":{"line":1,"column":0},"end":{"line":1,"column":55}},"1":{"start":{"line":4,"column":23},"end":{"line":9,"column":null}},"2":{"start":{"line":4,"column":54},"end":{"line":9,"column":null}},"3":{"start":{"line":6,"column":19},"end":{"line":6,"column":37}},"4":{"start":{"line":7,"column":4},"end":{"line":7,"column":43}},"5":{"start":{"line":4,"column":13},"end":{"line":4,"column":23}},"6":{"start":{"line":11,"column":25},"end":{"line":19,"column":null}},"7":{"start":{"line":11,"column":70},"end":{"line":19,"column":null}},"8":{"start":{"line":13,"column":23},"end":{"line":13,"column":41}},"9":{"start":{"line":14,"column":8},"end":{"line":18,"column":11}},"10":{"start":{"line":11,"column":13},"end":{"line":11,"column":25}},"11":{"start":{"line":21,"column":22},"end":{"line":33,"column":4}},"12":{"start":{"line":21,"column":129},"end":{"line":33,"column":4}},"13":{"start":{"line":22,"column":19},"end":{"line":22,"column":37}},"14":{"start":{"line":23,"column":4},"end":{"line":23,"column":56}},"15":{"start":{"line":24,"column":4},"end":{"line":32,"column":null}},"16":{"start":{"line":21,"column":13},"end":{"line":21,"column":22}},"17":{"start":{"line":35,"column":27},"end":{"line":46,"column":4}},"18":{"start":{"line":35,"column":134},"end":{"line":46,"column":4}},"19":{"start":{"line":36,"column":19},"end":{"line":36,"column":37}},"20":{"start":{"line":37,"column":4},"end":{"line":45,"column":null}},"21":{"start":{"line":35,"column":15},"end":{"line":35,"column":27}}},"fnMap":{"0":{"name":"(anonymous_7)","decl":{"start":{"line":4,"column":23},"end":{"line":4,"column":52}},"loc":{"start":{"line":4,"column":54},"end":{"line":9,"column":null}}},"1":{"name":"(anonymous_8)","decl":{"start":{"line":4,"column":54},"end":{"line":4,"column":null}},"loc":{"start":{"line":4,"column":54},"end":{"line":9,"column":1}}},"2":{"name":"(anonymous_9)","decl":{"start":{"line":11,"column":25},"end":{"line":11,"column":32}},"loc":{"start":{"line":11,"column":70},"end":{"line":19,"column":null}}},"3":{"name":"(anonymous_10)","decl":{"start":{"line":11,"column":70},"end":{"line":11,"column":null}},"loc":{"start":{"line":11,"column":70},"end":{"line":19,"column":5}}},"4":{"name":"(anonymous_11)","decl":{"start":{"line":21,"column":22},"end":{"line":21,"column":29}},"loc":{"start":{"line":21,"column":129},"end":{"line":33,"column":4}}},"5":{"name":"(anonymous_12)","decl":{"start":{"line":21,"column":129},"end":{"line":21,"column":null}},"loc":{"start":{"line":21,"column":129},"end":{"line":33,"column":3}}},"6":{"name":"(anonymous_13)","decl":{"start":{"line":35,"column":27},"end":{"line":35,"column":34}},"loc":{"start":{"line":35,"column":134},"end":{"line":46,"column":4}}},"7":{"name":"(anonymous_14)","decl":{"start":{"line":35,"column":134},"end":{"line":35,"column":null}},"loc":{"start":{"line":35,"column":134},"end":{"line":46,"column":3}}}},"branchMap":{},"s":{"0":2,"1":2,"2":1,"3":1,"4":1,"5":2,"6":2,"7":1,"8":1,"9":1,"10":2,"11":2,"12":1,"13":1,"14":1,"15":1,"16":2,"17":2,"18":1,"19":1,"20":1,"21":2},"f":{"0":1,"1":1,"2":1,"3":1,"4":1,"5":1,"6":1,"7":1},"b":{}}
,"E:\\school\\BI\\API\\src\\repositories\\route.repository.ts": {"path":"E:\\school\\BI\\API\\src\\repositories\\route.repository.ts","statementMap":{"0":{"start":{"line":1,"column":0},"end":{"line":1,"column":54}},"1":{"start":{"line":4,"column":25},"end":{"line":9,"column":null}},"2":{"start":{"line":4,"column":55},"end":{"line":9,"column":null}},"3":{"start":{"line":6,"column":19},"end":{"line":6,"column":37}},"4":{"start":{"line":7,"column":4},"end":{"line":7,"column":42}},"5":{"start":{"line":4,"column":13},"end":{"line":4,"column":25}},"6":{"start":{"line":11,"column":27},"end":{"line":16,"column":null}},"7":{"start":{"line":11,"column":53},"end":{"line":16,"column":null}},"8":{"start":{"line":12,"column":19},"end":{"line":12,"column":37}},"9":{"start":{"line":13,"column":4},"end":{"line":15,"column":7}},"10":{"start":{"line":11,"column":13},"end":{"line":11,"column":27}},"11":{"start":{"line":18,"column":24},"end":{"line":26,"column":4}},"12":{"start":{"line":18,"column":69},"end":{"line":26,"column":4}},"13":{"start":{"line":19,"column":19},"end":{"line":19,"column":37}},"14":{"start":{"line":20,"column":4},"end":{"line":20,"column":null}},"15":{"start":{"line":21,"column":4},"end":{"line":25,"column":null}},"16":{"start":{"line":18,"column":13},"end":{"line":18,"column":24}}},"fnMap":{"0":{"name":"(anonymous_7)","decl":{"start":{"line":4,"column":25},"end":{"line":4,"column":53}},"loc":{"start":{"line":4,"column":55},"end":{"line":9,"column":null}}},"1":{"name":"(anonymous_8)","decl":{"start":{"line":4,"column":55},"end":{"line":4,"column":null}},"loc":{"start":{"line":4,"column":55},"end":{"line":9,"column":1}}},"2":{"name":"(anonymous_9)","decl":{"start":{"line":11,"column":27},"end":{"line":11,"column":34}},"loc":{"start":{"line":11,"column":53},"end":{"line":16,"column":null}}},"3":{"name":"(anonymous_10)","decl":{"start":{"line":11,"column":53},"end":{"line":11,"column":null}},"loc":{"start":{"line":11,"column":53},"end":{"line":16,"column":1}}},"4":{"name":"(anonymous_11)","decl":{"start":{"line":18,"column":24},"end":{"line":18,"column":31}},"loc":{"start":{"line":18,"column":69},"end":{"line":26,"column":4}}},"5":{"name":"(anonymous_12)","decl":{"start":{"line":18,"column":69},"end":{"line":18,"column":null}},"loc":{"start":{"line":18,"column":69},"end":{"line":26,"column":3}}}},"branchMap":{},"s":{"0":2,"1":2,"2":0,"3":0,"4":0,"5":2,"6":2,"7":0,"8":0,"9":0,"10":2,"11":2,"12":0,"13":0,"14":0,"15":0,"16":2},"f":{"0":0,"1":0,"2":0,"3":0,"4":0,"5":0},"b":{}}
,"E:\\school\\BI\\API\\src\\routes\\client.router.ts": {"path":"E:\\school\\BI\\API\\src\\routes\\client.router.ts","statementMap":{"0":{"start":{"line":1,"column":0},"end":{"line":1,"column":30}},"1":{"start":{"line":2,"column":0},"end":{"line":2,"column":64}},"2":{"start":{"line":4,"column":15},"end":{"line":4,"column":31}},"3":{"start":{"line":7,"column":0},"end":{"line":18,"column":3}},"4":{"start":{"line":7,"column":36},"end":{"line":18,"column":2}},"5":{"start":{"line":8,"column":2},"end":{"line":16,"column":null}},"6":{"start":{"line":9,"column":23},"end":{"line":9,"column":45}},"7":{"start":{"line":10,"column":21},"end":{"line":10,"column":50}},"8":{"start":{"line":11,"column":4},"end":{"line":11,"column":54}},"9":{"start":{"line":12,"column":4},"end":{"line":12,"column":30}},"10":{"start":{"line":15,"column":4},"end":{"line":15,"column":null}},"11":{"start":{"line":21,"column":0},"end":{"line":31,"column":3}},"12":{"start":{"line":21,"column":36},"end":{"line":31,"column":2}},"13":{"start":{"line":22,"column":2},"end":{"line":30,"column":null}},"14":{"start":{"line":23,"column":23},"end":{"line":23,"column":45}},"15":{"start":{"line":24,"column":21},"end":{"line":24,"column":60}},"16":{"start":{"line":25,"column":4},"end":{"line":25,"column":54}},"17":{"start":{"line":26,"column":4},"end":{"line":26,"column":30}},"18":{"start":{"line":29,"column":4},"end":{"line":29,"column":null}},"19":{"start":{"line":36,"column":0},"end":{"line":45,"column":3}},"20":{"start":{"line":36,"column":46},"end":{"line":45,"column":2}},"21":{"start":{"line":37,"column":2},"end":{"line":44,"column":null}},"22":{"start":{"line":38,"column":23},"end":{"line":38,"column":45}},"23":{"start":{"line":39,"column":21},"end":{"line":39,"column":70}},"24":{"start":{"line":40,"column":4},"end":{"line":40,"column":54}},"25":{"start":{"line":41,"column":4},"end":{"line":41,"column":30}},"26":{"start":{"line":43,"column":4},"end":{"line":43,"column":57}},"27":{"start":{"line":47,"column":0},"end":{"line":57,"column":null}},"28":{"start":{"line":47,"column":49},"end":{"line":57,"column":2}},"29":{"start":{"line":48,"column":2},"end":{"line":56,"column":null}},"30":{"start":{"line":49,"column":23},"end":{"line":49,"column":45}},"31":{"start":{"line":50,"column":21},"end":{"line":50,"column":73}},"32":{"start":{"line":51,"column":4},"end":{"line":51,"column":54}},"33":{"start":{"line":52,"column":4},"end":{"line":52,"column":30}},"34":{"start":{"line":55,"column":4},"end":{"line":55,"column":55}},"35":{"start":{"line":59,"column":0},"end":{"line":59,"column":22}}},"fnMap":{"0":{"name":"(anonymous_8)","decl":{"start":{"line":7,"column":16},"end":{"line":7,"column":23}},"loc":{"start":{"line":7,"column":36},"end":{"line":18,"column":2}}},"1":{"name":"(anonymous_9)","decl":{"start":{"line":7,"column":36},"end":{"line":7,"column":null}},"loc":{"start":{"line":7,"column":36},"end":{"line":18,"column":1}}},"2":{"name":"(anonymous_10)","decl":{"start":{"line":21,"column":17},"end":{"line":21,"column":24}},"loc":{"start":{"line":21,"column":36},"end":{"line":31,"column":2}}},"3":{"name":"(anonymous_11)","decl":{"start":{"line":21,"column":36},"end":{"line":21,"column":null}},"loc":{"start":{"line":21,"column":36},"end":{"line":31,"column":1}}},"4":{"name":"(anonymous_12)","decl":{"start":{"line":36,"column":27},"end":{"line":36,"column":34}},"loc":{"start":{"line":36,"column":46},"end":{"line":45,"column":2}}},"5":{"name":"(anonymous_13)","decl":{"start":{"line":36,"column":46},"end":{"line":36,"column":null}},"loc":{"start":{"line":36,"column":46},"end":{"line":45,"column":1}}},"6":{"name":"(anonymous_14)","decl":{"start":{"line":47,"column":30},"end":{"line":47,"column":37}},"loc":{"start":{"line":47,"column":49},"end":{"line":57,"column":2}}},"7":{"name":"(anonymous_15)","decl":{"start":{"line":47,"column":49},"end":{"line":47,"column":null}},"loc":{"start":{"line":47,"column":49},"end":{"line":57,"column":1}}}},"branchMap":{},"s":{"0":2,"1":2,"2":2,"3":2,"4":1,"5":1,"6":1,"7":1,"8":1,"9":1,"10":0,"11":2,"12":1,"13":1,"14":1,"15":1,"16":1,"17":1,"18":0,"19":2,"20":1,"21":1,"22":1,"23":1,"24":1,"25":1,"26":0,"27":2,"28":1,"29":1,"30":1,"31":1,"32":1,"33":1,"34":0,"35":2},"f":{"0":1,"1":1,"2":1,"3":1,"4":1,"5":1,"6":1,"7":1},"b":{}}
,"E:\\school\\BI\\API\\src\\routes\\co2.router.ts": {"path":"E:\\school\\BI\\API\\src\\routes\\co2.router.ts","statementMap":{"0":{"start":{"line":1,"column":0},"end":{"line":1,"column":30}},"1":{"start":{"line":2,"column":0},"end":{"line":2,"column":58}},"2":{"start":{"line":4,"column":15},"end":{"line":4,"column":31}},"3":{"start":{"line":6,"column":0},"end":{"line":15,"column":3}},"4":{"start":{"line":6,"column":36},"end":{"line":15,"column":2}},"5":{"start":{"line":7,"column":2},"end":{"line":14,"column":null}},"6":{"start":{"line":8,"column":23},"end":{"line":8,"column":42}},"7":{"start":{"line":9,"column":21},"end":{"line":9,"column":47}},"8":{"start":{"line":10,"column":4},"end":{"line":10,"column":30}},"9":{"start":{"line":13,"column":2},"end":{"line":13,"column":52}},"10":{"start":{"line":17,"column":0},"end":{"line":26,"column":3}},"11":{"start":{"line":17,"column":36},"end":{"line":26,"column":2}},"12":{"start":{"line":18,"column":1},"end":{"line":25,"column":null}},"13":{"start":{"line":19,"column":23},"end":{"line":19,"column":42}},"14":{"start":{"line":20,"column":21},"end":{"line":20,"column":57}},"15":{"start":{"line":21,"column":4},"end":{"line":21,"column":null}},"16":{"start":{"line":22,"column":4},"end":{"line":22,"column":30}},"17":{"start":{"line":24,"column":4},"end":{"line":24,"column":45}},"18":{"start":{"line":28,"column":0},"end":{"line":40,"column":3}},"19":{"start":{"line":28,"column":74},"end":{"line":40,"column":2}},"20":{"start":{"line":29,"column":2},"end":{"line":38,"column":null}},"21":{"start":{"line":30,"column":23},"end":{"line":30,"column":42}},"22":{"start":{"line":31,"column":21},"end":{"line":31,"column":128}},"23":{"start":{"line":32,"column":4},"end":{"line":32,"column":54}},"24":{"start":{"line":34,"column":4},"end":{"line":34,"column":30}},"25":{"start":{"line":37,"column":4},"end":{"line":37,"column":43}},"26":{"start":{"line":42,"column":0},"end":{"line":53,"column":3}},"27":{"start":{"line":42,"column":77},"end":{"line":53,"column":2}},"28":{"start":{"line":43,"column":2},"end":{"line":52,"column":null}},"29":{"start":{"line":44,"column":23},"end":{"line":44,"column":42}},"30":{"start":{"line":45,"column":21},"end":{"line":45,"column":131}},"31":{"start":{"line":46,"column":4},"end":{"line":46,"column":54}},"32":{"start":{"line":48,"column":4},"end":{"line":48,"column":30}},"33":{"start":{"line":51,"column":4},"end":{"line":51,"column":45}},"34":{"start":{"line":55,"column":0},"end":{"line":55,"column":22}}},"fnMap":{"0":{"name":"(anonymous_8)","decl":{"start":{"line":6,"column":16},"end":{"line":6,"column":23}},"loc":{"start":{"line":6,"column":36},"end":{"line":15,"column":2}}},"1":{"name":"(anonymous_9)","decl":{"start":{"line":6,"column":36},"end":{"line":6,"column":null}},"loc":{"start":{"line":6,"column":36},"end":{"line":15,"column":1}}},"2":{"name":"(anonymous_10)","decl":{"start":{"line":17,"column":17},"end":{"line":17,"column":24}},"loc":{"start":{"line":17,"column":36},"end":{"line":26,"column":2}}},"3":{"name":"(anonymous_11)","decl":{"start":{"line":17,"column":36},"end":{"line":17,"column":null}},"loc":{"start":{"line":17,"column":36},"end":{"line":26,"column":1}}},"4":{"name":"(anonymous_12)","decl":{"start":{"line":28,"column":55},"end":{"line":28,"column":62}},"loc":{"start":{"line":28,"column":74},"end":{"line":40,"column":2}}},"5":{"name":"(anonymous_13)","decl":{"start":{"line":28,"column":74},"end":{"line":28,"column":null}},"loc":{"start":{"line":28,"column":74},"end":{"line":40,"column":1}}},"6":{"name":"(anonymous_14)","decl":{"start":{"line":42,"column":58},"end":{"line":42,"column":65}},"loc":{"start":{"line":42,"column":77},"end":{"line":53,"column":2}}},"7":{"name":"(anonymous_15)","decl":{"start":{"line":42,"column":77},"end":{"line":42,"column":null}},"loc":{"start":{"line":42,"column":77},"end":{"line":53,"column":1}}}},"branchMap":{},"s":{"0":2,"1":2,"2":2,"3":2,"4":1,"5":1,"6":1,"7":1,"8":1,"9":0,"10":2,"11":1,"12":1,"13":1,"14":1,"15":1,"16":1,"17":0,"18":2,"19":1,"20":1,"21":1,"22":1,"23":0,"24":0,"25":1,"26":2,"27":1,"28":1,"29":1,"30":1,"31":0,"32":0,"33":1,"34":2},"f":{"0":1,"1":1,"2":1,"3":1,"4":1,"5":1,"6":1,"7":1},"b":{}}
,"E:\\school\\BI\\API\\src\\routes\\index.ts": {"path":"E:\\school\\BI\\API\\src\\routes\\index.ts","statementMap":{"0":{"start":{"line":1,"column":0},"end":{"line":1,"column":30}},"1":{"start":{"line":2,"column":0},"end":{"line":2,"column":43}},"2":{"start":{"line":3,"column":0},"end":{"line":3,"column":42}},"3":{"start":{"line":4,"column":0},"end":{"line":4,"column":37}},"4":{"start":{"line":7,"column":15},"end":{"line":7,"column":31}},"5":{"start":{"line":10,"column":0},"end":{"line":10,"column":null}},"6":{"start":{"line":11,"column":0},"end":{"line":11,"column":34}},"7":{"start":{"line":12,"column":0},"end":{"line":12,"column":30}},"8":{"start":{"line":15,"column":0},"end":{"line":15,"column":22}}},"fnMap":{},"branchMap":{},"s":{"0":2,"1":2,"2":2,"3":2,"4":2,"5":2,"6":2,"7":2,"8":2},"f":{},"b":{}}
,"E:\\school\\BI\\API\\src\\routes\\routes.router.ts": {"path":"E:\\school\\BI\\API\\src\\routes\\routes.router.ts","statementMap":{"0":{"start":{"line":1,"column":0},"end":{"line":1,"column":30}},"1":{"start":{"line":2,"column":0},"end":{"line":2,"column":62}},"2":{"start":{"line":4,"column":15},"end":{"line":4,"column":31}},"3":{"start":{"line":6,"column":0},"end":{"line":10,"column":3}},"4":{"start":{"line":6,"column":36},"end":{"line":10,"column":2}},"5":{"start":{"line":7,"column":21},"end":{"line":7,"column":42}},"6":{"start":{"line":8,"column":19},"end":{"line":8,"column":47}},"7":{"start":{"line":9,"column":2},"end":{"line":9,"column":28}},"8":{"start":{"line":12,"column":0},"end":{"line":17,"column":3}},"9":{"start":{"line":12,"column":36},"end":{"line":17,"column":2}},"10":{"start":{"line":13,"column":21},"end":{"line":13,"column":42}},"11":{"start":{"line":14,"column":19},"end":{"line":14,"column":57}},"12":{"start":{"line":16,"column":2},"end":{"line":16,"column":28}},"13":{"start":{"line":19,"column":0},"end":{"line":24,"column":3}},"14":{"start":{"line":19,"column":43},"end":{"line":24,"column":2}},"15":{"start":{"line":20,"column":21},"end":{"line":20,"column":42}},"16":{"start":{"line":21,"column":19},"end":{"line":21,"column":64}},"17":{"start":{"line":22,"column":2},"end":{"line":22,"column":69}},"18":{"start":{"line":22,"column":17},"end":{"line":22,"column":69}},"19":{"start":{"line":23,"column":2},"end":{"line":23,"column":28}},"20":{"start":{"line":26,"column":0},"end":{"line":26,"column":22}}},"fnMap":{"0":{"name":"(anonymous_8)","decl":{"start":{"line":6,"column":16},"end":{"line":6,"column":23}},"loc":{"start":{"line":6,"column":36},"end":{"line":10,"column":2}}},"1":{"name":"(anonymous_9)","decl":{"start":{"line":6,"column":36},"end":{"line":6,"column":null}},"loc":{"start":{"line":6,"column":36},"end":{"line":10,"column":1}}},"2":{"name":"(anonymous_10)","decl":{"start":{"line":12,"column":17},"end":{"line":12,"column":24}},"loc":{"start":{"line":12,"column":36},"end":{"line":17,"column":2}}},"3":{"name":"(anonymous_11)","decl":{"start":{"line":12,"column":36},"end":{"line":12,"column":null}},"loc":{"start":{"line":12,"column":36},"end":{"line":17,"column":1}}},"4":{"name":"(anonymous_12)","decl":{"start":{"line":19,"column":24},"end":{"line":19,"column":31}},"loc":{"start":{"line":19,"column":43},"end":{"line":24,"column":2}}},"5":{"name":"(anonymous_13)","decl":{"start":{"line":19,"column":43},"end":{"line":19,"column":null}},"loc":{"start":{"line":19,"column":43},"end":{"line":24,"column":1}}}},"branchMap":{"0":{"loc":{"start":{"line":22,"column":2},"end":{"line":22,"column":69}},"type":"if","locations":[{"start":{"line":22,"column":2},"end":{"line":22,"column":69}},{"start":{"line":22,"column":2},"end":{"line":22,"column":69}}]}},"s":{"0":2,"1":2,"2":2,"3":2,"4":0,"5":0,"6":0,"7":0,"8":2,"9":0,"10":0,"11":0,"12":0,"13":2,"14":0,"15":0,"16":0,"17":0,"18":0,"19":0,"20":2},"f":{"0":0,"1":0,"2":0,"3":0,"4":0,"5":0},"b":{"0":[0,0]}}
}
