{"E:\\school\\BI\\API\\src\\controllers\\client.controller.ts": {"path":"E:\\school\\BI\\API\\src\\controllers\\client.controller.ts","statementMap":{"0":{"start":{"line":2,"column":0},"end":{"line":2,"column":66}},"1":{"start":{"line":3,"column":0},"end":{"line":3,"column":null}},"2":{"start":{"line":14,"column":0},"end":{"line":36,"column":null}},"3":{"start":{"line":19,"column":4},"end":{"line":19,"column":30}},"4":{"start":{"line":24,"column":4},"end":{"line":24,"column":36}},"5":{"start":{"line":29,"column":4},"end":{"line":29,"column":39}},"6":{"start":{"line":34,"column":4},"end":{"line":34,"column":42}},"7":{"start":{"line":18,"column":2},"end":{"line":20,"column":null}},"8":{"start":{"line":23,"column":2},"end":{"line":25,"column":null}},"9":{"start":{"line":28,"column":2},"end":{"line":30,"column":null}},"10":{"start":{"line":33,"column":1},"end":{"line":35,"column":null}},"11":{"start":{"line":14,"column":21},"end":{"line":36,"column":null}},"12":{"start":{"line":14,"column":21},"end":{"line":14,"column":null}}},"fnMap":{"0":{"name":"(anonymous_11)","decl":{"start":{"line":18,"column":15},"end":{"line":18,"column":25}},"loc":{"start":{"line":18,"column":25},"end":{"line":20,"column":null}}},"1":{"name":"(anonymous_13)","decl":{"start":{"line":23,"column":15},"end":{"line":23,"column":27}},"loc":{"start":{"line":23,"column":48},"end":{"line":25,"column":null}}},"2":{"name":"(anonymous_15)","decl":{"start":{"line":28,"column":15},"end":{"line":28,"column":24}},"loc":{"start":{"line":28,"column":51},"end":{"line":30,"column":null}}},"3":{"name":"(anonymous_17)","decl":{"start":{"line":33,"column":14},"end":{"line":33,"column":26}},"loc":{"start":{"line":33,"column":46},"end":{"line":35,"column":null}}}},"branchMap":{},"s":{"0":1,"1":1,"2":1,"3":1,"4":1,"5":1,"6":1,"7":1,"8":1,"9":1,"10":1,"11":1,"12":1},"f":{"0":1,"1":1,"2":1,"3":1},"b":{}}
,"E:\\school\\BI\\API\\src\\controllers\\co2.controller.ts": {"path":"E:\\school\\BI\\API\\src\\controllers\\co2.controller.ts","statementMap":{"0":{"start":{"line":2,"column":0},"end":{"line":2,"column":66}},"1":{"start":{"line":3,"column":0},"end":{"line":3,"column":null}},"2":{"start":{"line":12,"column":0},"end":{"line":32,"column":null}},"3":{"start":{"line":15,"column":4},"end":{"line":15,"column":27}},"4":{"start":{"line":20,"column":4},"end":{"line":20,"column":33}},"5":{"start":{"line":25,"column":4},"end":{"line":25,"column":64}},"6":{"start":{"line":30,"column":4},"end":{"line":30,"column":null}},"7":{"start":{"line":14,"column":2},"end":{"line":16,"column":null}},"8":{"start":{"line":19,"column":2},"end":{"line":21,"column":null}},"9":{"start":{"line":24,"column":2},"end":{"line":26,"column":null}},"10":{"start":{"line":29,"column":2},"end":{"line":31,"column":null}},"11":{"start":{"line":12,"column":21},"end":{"line":32,"column":null}},"12":{"start":{"line":12,"column":21},"end":{"line":12,"column":null}}},"fnMap":{"0":{"name":"(anonymous_11)","decl":{"start":{"line":14,"column":15},"end":{"line":14,"column":22}},"loc":{"start":{"line":14,"column":22},"end":{"line":16,"column":null}}},"1":{"name":"(anonymous_13)","decl":{"start":{"line":19,"column":15},"end":{"line":19,"column":24}},"loc":{"start":{"line":19,"column":46},"end":{"line":21,"column":null}}},"2":{"name":"(anonymous_15)","decl":{"start":{"line":24,"column":15},"end":{"line":24,"column":21}},"loc":{"start":{"line":24,"column":124},"end":{"line":26,"column":null}}},"3":{"name":"(anonymous_17)","decl":{"start":{"line":29,"column":15},"end":{"line":29,"column":24}},"loc":{"start":{"line":29,"column":95},"end":{"line":31,"column":null}}}},"branchMap":{},"s":{"0":1,"1":1,"2":1,"3":1,"4":1,"5":1,"6":1,"7":1,"8":1,"9":1,"10":1,"11":1,"12":1},"f":{"0":1,"1":1,"2":1,"3":1},"b":{}}
,"E:\\school\\BI\\API\\src\\controllers\\route.controller.ts": {"path":"E:\\school\\BI\\API\\src\\controllers\\route.controller.ts","statementMap":{"0":{"start":{"line":2,"column":0},"end":{"line":2,"column":58}},"1":{"start":{"line":3,"column":0},"end":{"line":3,"column":null}},"2":{"start":{"line":11,"column":0},"end":{"line":26,"column":null}},"3":{"start":{"line":14,"column":4},"end":{"line":14,"column":23}},"4":{"start":{"line":19,"column":4},"end":{"line":19,"column":29}},"5":{"start":{"line":24,"column":4},"end":{"line":24,"column":29}},"6":{"start":{"line":13,"column":2},"end":{"line":15,"column":null}},"7":{"start":{"line":18,"column":2},"end":{"line":20,"column":null}},"8":{"start":{"line":23,"column":2},"end":{"line":25,"column":null}},"9":{"start":{"line":11,"column":21},"end":{"line":26,"column":null}},"10":{"start":{"line":11,"column":21},"end":{"line":11,"column":null}}},"fnMap":{"0":{"name":"(anonymous_11)","decl":{"start":{"line":13,"column":15},"end":{"line":13,"column":24}},"loc":{"start":{"line":13,"column":24},"end":{"line":15,"column":null}}},"1":{"name":"(anonymous_13)","decl":{"start":{"line":18,"column":15},"end":{"line":18,"column":26}},"loc":{"start":{"line":18,"column":47},"end":{"line":20,"column":null}}},"2":{"name":"(anonymous_15)","decl":{"start":{"line":23,"column":15},"end":{"line":23,"column":23}},"loc":{"start":{"line":23,"column":47},"end":{"line":25,"column":null}}}},"branchMap":{},"s":{"0":1,"1":1,"2":1,"3":0,"4":0,"5":0,"6":1,"7":1,"8":1,"9":1,"10":1},"f":{"0":0,"1":0,"2":0},"b":{}}
,"E:\\school\\BI\\API\\src\\repositories\\client.repository.ts": {"path":"E:\\school\\BI\\API\\src\\repositories\\client.repository.ts","statementMap":{"0":{"start":{"line":4,"column":26},"end":{"line":8,"column":null}},"1":{"start":{"line":4,"column":56},"end":{"line":8,"column":null}},"2":{"start":{"line":6,"column":4},"end":{"line":6,"column":53}},"3":{"start":{"line":4,"column":13},"end":{"line":4,"column":26}},"4":{"start":{"line":11,"column":28},"end":{"line":15,"column":null}},"5":{"start":{"line":11,"column":71},"end":{"line":15,"column":null}},"6":{"start":{"line":12,"column":4},"end":{"line":14,"column":7}},"7":{"start":{"line":11,"column":13},"end":{"line":11,"column":28}},"8":{"start":{"line":18,"column":25},"end":{"line":24,"column":4}},"9":{"start":{"line":18,"column":70},"end":{"line":24,"column":4}},"10":{"start":{"line":19,"column":4},"end":{"line":23,"column":null}},"11":{"start":{"line":18,"column":13},"end":{"line":18,"column":25}},"12":{"start":{"line":26,"column":31},"end":{"line":32,"column":null}},"13":{"start":{"line":26,"column":76},"end":{"line":32,"column":null}},"14":{"start":{"line":27,"column":4},"end":{"line":31,"column":null}},"15":{"start":{"line":26,"column":16},"end":{"line":26,"column":31}}},"fnMap":{"0":{"name":"(anonymous_7)","decl":{"start":{"line":4,"column":26},"end":{"line":4,"column":54}},"loc":{"start":{"line":4,"column":56},"end":{"line":8,"column":null}}},"1":{"name":"(anonymous_8)","decl":{"start":{"line":4,"column":56},"end":{"line":4,"column":null}},"loc":{"start":{"line":4,"column":56},"end":{"line":8,"column":1}}},"2":{"name":"(anonymous_9)","decl":{"start":{"line":11,"column":28},"end":{"line":11,"column":35}},"loc":{"start":{"line":11,"column":71},"end":{"line":15,"column":null}}},"3":{"name":"(anonymous_10)","decl":{"start":{"line":11,"column":71},"end":{"line":11,"column":null}},"loc":{"start":{"line":11,"column":71},"end":{"line":15,"column":1}}},"4":{"name":"(anonymous_11)","decl":{"start":{"line":18,"column":25},"end":{"line":18,"column":32}},"loc":{"start":{"line":18,"column":70},"end":{"line":24,"column":4}}},"5":{"name":"(anonymous_12)","decl":{"start":{"line":18,"column":70},"end":{"line":18,"column":null}},"loc":{"start":{"line":18,"column":70},"end":{"line":24,"column":3}}},"6":{"name":"(anonymous_13)","decl":{"start":{"line":26,"column":31},"end":{"line":26,"column":38}},"loc":{"start":{"line":26,"column":76},"end":{"line":32,"column":null}}},"7":{"name":"(anonymous_14)","decl":{"start":{"line":26,"column":76},"end":{"line":26,"column":null}},"loc":{"start":{"line":26,"column":76},"end":{"line":32,"column":3}}}},"branchMap":{},"s":{"0":1,"1":1,"2":1,"3":1,"4":1,"5":1,"6":1,"7":1,"8":1,"9":1,"10":1,"11":1,"12":1,"13":1,"14":1,"15":1},"f":{"0":1,"1":1,"2":1,"3":1,"4":1,"5":1,"6":1,"7":1},"b":{}}
,"E:\\school\\BI\\API\\src\\repositories\\co2.repository.ts": {"path":"E:\\school\\BI\\API\\src\\repositories\\co2.repository.ts","statementMap":{"0":{"start":{"line":4,"column":23},"end":{"line":8,"column":null}},"1":{"start":{"line":4,"column":54},"end":{"line":8,"column":null}},"2":{"start":{"line":6,"column":4},"end":{"line":6,"column":54}},"3":{"start":{"line":4,"column":13},"end":{"line":4,"column":23}},"4":{"start":{"line":10,"column":25},"end":{"line":16,"column":null}},"5":{"start":{"line":10,"column":70},"end":{"line":16,"column":null}},"6":{"start":{"line":11,"column":8},"end":{"line":15,"column":null}},"7":{"start":{"line":10,"column":13},"end":{"line":10,"column":25}},"8":{"start":{"line":18,"column":22},"end":{"line":28,"column":4}},"9":{"start":{"line":18,"column":129},"end":{"line":28,"column":4}},"10":{"start":{"line":19,"column":4},"end":{"line":27,"column":null}},"11":{"start":{"line":18,"column":13},"end":{"line":18,"column":22}},"12":{"start":{"line":30,"column":27},"end":{"line":40,"column":4}},"13":{"start":{"line":30,"column":134},"end":{"line":40,"column":4}},"14":{"start":{"line":31,"column":4},"end":{"line":39,"column":null}},"15":{"start":{"line":30,"column":15},"end":{"line":30,"column":27}}},"fnMap":{"0":{"name":"(anonymous_7)","decl":{"start":{"line":4,"column":23},"end":{"line":4,"column":52}},"loc":{"start":{"line":4,"column":54},"end":{"line":8,"column":null}}},"1":{"name":"(anonymous_8)","decl":{"start":{"line":4,"column":54},"end":{"line":4,"column":null}},"loc":{"start":{"line":4,"column":54},"end":{"line":8,"column":1}}},"2":{"name":"(anonymous_9)","decl":{"start":{"line":10,"column":25},"end":{"line":10,"column":32}},"loc":{"start":{"line":10,"column":70},"end":{"line":16,"column":null}}},"3":{"name":"(anonymous_10)","decl":{"start":{"line":10,"column":70},"end":{"line":10,"column":null}},"loc":{"start":{"line":10,"column":70},"end":{"line":16,"column":5}}},"4":{"name":"(anonymous_11)","decl":{"start":{"line":18,"column":22},"end":{"line":18,"column":29}},"loc":{"start":{"line":18,"column":129},"end":{"line":28,"column":4}}},"5":{"name":"(anonymous_12)","decl":{"start":{"line":18,"column":129},"end":{"line":18,"column":null}},"loc":{"start":{"line":18,"column":129},"end":{"line":28,"column":3}}},"6":{"name":"(anonymous_13)","decl":{"start":{"line":30,"column":27},"end":{"line":30,"column":34}},"loc":{"start":{"line":30,"column":134},"end":{"line":40,"column":4}}},"7":{"name":"(anonymous_14)","decl":{"start":{"line":30,"column":134},"end":{"line":30,"column":null}},"loc":{"start":{"line":30,"column":134},"end":{"line":40,"column":3}}}},"branchMap":{},"s":{"0":1,"1":1,"2":1,"3":1,"4":1,"5":1,"6":1,"7":1,"8":1,"9":1,"10":1,"11":1,"12":1,"13":1,"14":1,"15":1},"f":{"0":1,"1":1,"2":1,"3":1,"4":1,"5":1,"6":1,"7":1},"b":{}}
,"E:\\school\\BI\\API\\src\\repositories\\route.repository.ts": {"path":"E:\\school\\BI\\API\\src\\repositories\\route.repository.ts","statementMap":{"0":{"start":{"line":4,"column":25},"end":{"line":8,"column":null}},"1":{"start":{"line":4,"column":55},"end":{"line":8,"column":null}},"2":{"start":{"line":6,"column":4},"end":{"line":6,"column":53}},"3":{"start":{"line":4,"column":13},"end":{"line":4,"column":25}},"4":{"start":{"line":10,"column":27},"end":{"line":14,"column":null}},"5":{"start":{"line":10,"column":53},"end":{"line":14,"column":null}},"6":{"start":{"line":11,"column":4},"end":{"line":13,"column":7}},"7":{"start":{"line":10,"column":13},"end":{"line":10,"column":27}},"8":{"start":{"line":16,"column":24},"end":{"line":22,"column":4}},"9":{"start":{"line":16,"column":69},"end":{"line":22,"column":4}},"10":{"start":{"line":17,"column":4},"end":{"line":21,"column":null}},"11":{"start":{"line":16,"column":13},"end":{"line":16,"column":24}}},"fnMap":{"0":{"name":"(anonymous_7)","decl":{"start":{"line":4,"column":25},"end":{"line":4,"column":53}},"loc":{"start":{"line":4,"column":55},"end":{"line":8,"column":null}}},"1":{"name":"(anonymous_8)","decl":{"start":{"line":4,"column":55},"end":{"line":4,"column":null}},"loc":{"start":{"line":4,"column":55},"end":{"line":8,"column":1}}},"2":{"name":"(anonymous_9)","decl":{"start":{"line":10,"column":27},"end":{"line":10,"column":34}},"loc":{"start":{"line":10,"column":53},"end":{"line":14,"column":null}}},"3":{"name":"(anonymous_10)","decl":{"start":{"line":10,"column":53},"end":{"line":10,"column":null}},"loc":{"start":{"line":10,"column":53},"end":{"line":14,"column":1}}},"4":{"name":"(anonymous_11)","decl":{"start":{"line":16,"column":24},"end":{"line":16,"column":31}},"loc":{"start":{"line":16,"column":69},"end":{"line":22,"column":4}}},"5":{"name":"(anonymous_12)","decl":{"start":{"line":16,"column":69},"end":{"line":16,"column":null}},"loc":{"start":{"line":16,"column":69},"end":{"line":22,"column":3}}}},"branchMap":{},"s":{"0":1,"1":0,"2":0,"3":1,"4":1,"5":0,"6":0,"7":1,"8":1,"9":0,"10":0,"11":1},"f":{"0":0,"1":0,"2":0,"3":0,"4":0,"5":0},"b":{}}
,"E:\\school\\BI\\API\\src\\routes\\client.router.ts": {"path":"E:\\school\\BI\\API\\src\\routes\\client.router.ts","statementMap":{"0":{"start":{"line":1,"column":0},"end":{"line":1,"column":30}},"1":{"start":{"line":2,"column":0},"end":{"line":2,"column":64}},"2":{"start":{"line":4,"column":15},"end":{"line":4,"column":31}},"3":{"start":{"line":7,"column":0},"end":{"line":18,"column":3}},"4":{"start":{"line":7,"column":36},"end":{"line":18,"column":2}},"5":{"start":{"line":8,"column":2},"end":{"line":16,"column":null}},"6":{"start":{"line":9,"column":23},"end":{"line":9,"column":45}},"7":{"start":{"line":10,"column":21},"end":{"line":10,"column":50}},"8":{"start":{"line":11,"column":4},"end":{"line":11,"column":54}},"9":{"start":{"line":12,"column":4},"end":{"line":12,"column":30}},"10":{"start":{"line":15,"column":4},"end":{"line":15,"column":null}},"11":{"start":{"line":21,"column":0},"end":{"line":32,"column":3}},"12":{"start":{"line":21,"column":36},"end":{"line":32,"column":2}},"13":{"start":{"line":22,"column":2},"end":{"line":31,"column":null}},"14":{"start":{"line":23,"column":23},"end":{"line":23,"column":45}},"15":{"start":{"line":24,"column":21},"end":{"line":24,"column":60}},"16":{"start":{"line":25,"column":4},"end":{"line":25,"column":54}},"17":{"start":{"line":26,"column":4},"end":{"line":26,"column":30}},"18":{"start":{"line":30,"column":4},"end":{"line":30,"column":null}},"19":{"start":{"line":37,"column":0},"end":{"line":48,"column":3}},"20":{"start":{"line":37,"column":46},"end":{"line":48,"column":2}},"21":{"start":{"line":38,"column":2},"end":{"line":47,"column":null}},"22":{"start":{"line":39,"column":23},"end":{"line":39,"column":45}},"23":{"start":{"line":40,"column":21},"end":{"line":40,"column":70}},"24":{"start":{"line":41,"column":4},"end":{"line":41,"column":54}},"25":{"start":{"line":42,"column":4},"end":{"line":42,"column":30}},"26":{"start":{"line":45,"column":4},"end":{"line":45,"column":21}},"27":{"start":{"line":46,"column":4},"end":{"line":46,"column":57}},"28":{"start":{"line":50,"column":0},"end":{"line":62,"column":null}},"29":{"start":{"line":50,"column":49},"end":{"line":62,"column":2}},"30":{"start":{"line":51,"column":2},"end":{"line":61,"column":null}},"31":{"start":{"line":52,"column":23},"end":{"line":52,"column":45}},"32":{"start":{"line":53,"column":21},"end":{"line":53,"column":73}},"33":{"start":{"line":54,"column":4},"end":{"line":54,"column":54}},"34":{"start":{"line":55,"column":4},"end":{"line":55,"column":30}},"35":{"start":{"line":59,"column":4},"end":{"line":59,"column":21}},"36":{"start":{"line":60,"column":4},"end":{"line":60,"column":55}},"37":{"start":{"line":64,"column":0},"end":{"line":64,"column":22}}},"fnMap":{"0":{"name":"(anonymous_8)","decl":{"start":{"line":7,"column":16},"end":{"line":7,"column":23}},"loc":{"start":{"line":7,"column":36},"end":{"line":18,"column":2}}},"1":{"name":"(anonymous_9)","decl":{"start":{"line":7,"column":36},"end":{"line":7,"column":null}},"loc":{"start":{"line":7,"column":36},"end":{"line":18,"column":1}}},"2":{"name":"(anonymous_10)","decl":{"start":{"line":21,"column":17},"end":{"line":21,"column":24}},"loc":{"start":{"line":21,"column":36},"end":{"line":32,"column":2}}},"3":{"name":"(anonymous_11)","decl":{"start":{"line":21,"column":36},"end":{"line":21,"column":null}},"loc":{"start":{"line":21,"column":36},"end":{"line":32,"column":1}}},"4":{"name":"(anonymous_12)","decl":{"start":{"line":37,"column":27},"end":{"line":37,"column":34}},"loc":{"start":{"line":37,"column":46},"end":{"line":48,"column":2}}},"5":{"name":"(anonymous_13)","decl":{"start":{"line":37,"column":46},"end":{"line":37,"column":null}},"loc":{"start":{"line":37,"column":46},"end":{"line":48,"column":1}}},"6":{"name":"(anonymous_14)","decl":{"start":{"line":50,"column":30},"end":{"line":50,"column":37}},"loc":{"start":{"line":50,"column":49},"end":{"line":62,"column":2}}},"7":{"name":"(anonymous_15)","decl":{"start":{"line":50,"column":49},"end":{"line":50,"column":null}},"loc":{"start":{"line":50,"column":49},"end":{"line":62,"column":1}}}},"branchMap":{},"s":{"0":1,"1":1,"2":1,"3":1,"4":1,"5":1,"6":1,"7":1,"8":1,"9":1,"10":0,"11":1,"12":1,"13":1,"14":1,"15":1,"16":1,"17":1,"18":0,"19":1,"20":1,"21":1,"22":1,"23":1,"24":1,"25":1,"26":0,"27":0,"28":1,"29":1,"30":1,"31":1,"32":1,"33":1,"34":1,"35":0,"36":0,"37":1},"f":{"0":1,"1":1,"2":1,"3":1,"4":1,"5":1,"6":1,"7":1},"b":{}}
,"E:\\school\\BI\\API\\src\\routes\\co2.router.ts": {"path":"E:\\school\\BI\\API\\src\\routes\\co2.router.ts","statementMap":{"0":{"start":{"line":1,"column":0},"end":{"line":1,"column":30}},"1":{"start":{"line":2,"column":0},"end":{"line":2,"column":58}},"2":{"start":{"line":4,"column":15},"end":{"line":4,"column":31}},"3":{"start":{"line":6,"column":0},"end":{"line":15,"column":3}},"4":{"start":{"line":6,"column":36},"end":{"line":15,"column":2}},"5":{"start":{"line":7,"column":2},"end":{"line":14,"column":null}},"6":{"start":{"line":8,"column":23},"end":{"line":8,"column":42}},"7":{"start":{"line":9,"column":21},"end":{"line":9,"column":47}},"8":{"start":{"line":10,"column":4},"end":{"line":10,"column":30}},"9":{"start":{"line":13,"column":2},"end":{"line":13,"column":52}},"10":{"start":{"line":17,"column":0},"end":{"line":26,"column":3}},"11":{"start":{"line":17,"column":36},"end":{"line":26,"column":2}},"12":{"start":{"line":18,"column":1},"end":{"line":25,"column":null}},"13":{"start":{"line":19,"column":23},"end":{"line":19,"column":42}},"14":{"start":{"line":20,"column":21},"end":{"line":20,"column":57}},"15":{"start":{"line":21,"column":4},"end":{"line":21,"column":null}},"16":{"start":{"line":22,"column":4},"end":{"line":22,"column":30}},"17":{"start":{"line":24,"column":4},"end":{"line":24,"column":45}},"18":{"start":{"line":28,"column":0},"end":{"line":41,"column":3}},"19":{"start":{"line":28,"column":74},"end":{"line":41,"column":2}},"20":{"start":{"line":29,"column":2},"end":{"line":39,"column":null}},"21":{"start":{"line":30,"column":23},"end":{"line":30,"column":42}},"22":{"start":{"line":31,"column":21},"end":{"line":31,"column":128}},"23":{"start":{"line":32,"column":4},"end":{"line":32,"column":54}},"24":{"start":{"line":33,"column":4},"end":{"line":33,"column":30}},"25":{"start":{"line":37,"column":4},"end":{"line":37,"column":29}},"26":{"start":{"line":38,"column":4},"end":{"line":38,"column":43}},"27":{"start":{"line":43,"column":0},"end":{"line":54,"column":3}},"28":{"start":{"line":43,"column":77},"end":{"line":54,"column":2}},"29":{"start":{"line":44,"column":2},"end":{"line":53,"column":null}},"30":{"start":{"line":45,"column":23},"end":{"line":45,"column":42}},"31":{"start":{"line":46,"column":21},"end":{"line":46,"column":131}},"32":{"start":{"line":47,"column":4},"end":{"line":47,"column":54}},"33":{"start":{"line":49,"column":4},"end":{"line":49,"column":30}},"34":{"start":{"line":52,"column":4},"end":{"line":52,"column":45}},"35":{"start":{"line":56,"column":0},"end":{"line":56,"column":22}}},"fnMap":{"0":{"name":"(anonymous_8)","decl":{"start":{"line":6,"column":16},"end":{"line":6,"column":23}},"loc":{"start":{"line":6,"column":36},"end":{"line":15,"column":2}}},"1":{"name":"(anonymous_9)","decl":{"start":{"line":6,"column":36},"end":{"line":6,"column":null}},"loc":{"start":{"line":6,"column":36},"end":{"line":15,"column":1}}},"2":{"name":"(anonymous_10)","decl":{"start":{"line":17,"column":17},"end":{"line":17,"column":24}},"loc":{"start":{"line":17,"column":36},"end":{"line":26,"column":2}}},"3":{"name":"(anonymous_11)","decl":{"start":{"line":17,"column":36},"end":{"line":17,"column":null}},"loc":{"start":{"line":17,"column":36},"end":{"line":26,"column":1}}},"4":{"name":"(anonymous_12)","decl":{"start":{"line":28,"column":55},"end":{"line":28,"column":62}},"loc":{"start":{"line":28,"column":74},"end":{"line":41,"column":2}}},"5":{"name":"(anonymous_13)","decl":{"start":{"line":28,"column":74},"end":{"line":28,"column":null}},"loc":{"start":{"line":28,"column":74},"end":{"line":41,"column":1}}},"6":{"name":"(anonymous_14)","decl":{"start":{"line":43,"column":58},"end":{"line":43,"column":65}},"loc":{"start":{"line":43,"column":77},"end":{"line":54,"column":2}}},"7":{"name":"(anonymous_15)","decl":{"start":{"line":43,"column":77},"end":{"line":43,"column":null}},"loc":{"start":{"line":43,"column":77},"end":{"line":54,"column":1}}}},"branchMap":{},"s":{"0":1,"1":1,"2":1,"3":1,"4":1,"5":1,"6":1,"7":1,"8":1,"9":0,"10":1,"11":1,"12":1,"13":1,"14":1,"15":1,"16":1,"17":0,"18":1,"19":1,"20":1,"21":1,"22":1,"23":1,"24":1,"25":0,"26":0,"27":1,"28":1,"29":1,"30":1,"31":1,"32":1,"33":1,"34":0,"35":1},"f":{"0":1,"1":1,"2":1,"3":1,"4":1,"5":1,"6":1,"7":1},"b":{}}
,"E:\\school\\BI\\API\\src\\routes\\index.ts": {"path":"E:\\school\\BI\\API\\src\\routes\\index.ts","statementMap":{"0":{"start":{"line":1,"column":0},"end":{"line":1,"column":30}},"1":{"start":{"line":2,"column":0},"end":{"line":2,"column":43}},"2":{"start":{"line":3,"column":0},"end":{"line":3,"column":42}},"3":{"start":{"line":4,"column":0},"end":{"line":4,"column":37}},"4":{"start":{"line":7,"column":15},"end":{"line":7,"column":31}},"5":{"start":{"line":10,"column":0},"end":{"line":10,"column":null}},"6":{"start":{"line":11,"column":0},"end":{"line":11,"column":34}},"7":{"start":{"line":12,"column":0},"end":{"line":12,"column":30}},"8":{"start":{"line":15,"column":0},"end":{"line":15,"column":22}}},"fnMap":{},"branchMap":{},"s":{"0":1,"1":1,"2":1,"3":1,"4":1,"5":1,"6":1,"7":1,"8":1},"f":{},"b":{}}
,"E:\\school\\BI\\API\\src\\routes\\routes.router.ts": {"path":"E:\\school\\BI\\API\\src\\routes\\routes.router.ts","statementMap":{"0":{"start":{"line":1,"column":0},"end":{"line":1,"column":30}},"1":{"start":{"line":2,"column":0},"end":{"line":2,"column":62}},"2":{"start":{"line":4,"column":15},"end":{"line":4,"column":31}},"3":{"start":{"line":6,"column":0},"end":{"line":10,"column":3}},"4":{"start":{"line":6,"column":36},"end":{"line":10,"column":2}},"5":{"start":{"line":7,"column":21},"end":{"line":7,"column":42}},"6":{"start":{"line":8,"column":19},"end":{"line":8,"column":47}},"7":{"start":{"line":9,"column":2},"end":{"line":9,"column":28}},"8":{"start":{"line":12,"column":0},"end":{"line":17,"column":3}},"9":{"start":{"line":12,"column":36},"end":{"line":17,"column":2}},"10":{"start":{"line":13,"column":21},"end":{"line":13,"column":42}},"11":{"start":{"line":14,"column":19},"end":{"line":14,"column":57}},"12":{"start":{"line":16,"column":2},"end":{"line":16,"column":28}},"13":{"start":{"line":19,"column":0},"end":{"line":24,"column":3}},"14":{"start":{"line":19,"column":43},"end":{"line":24,"column":2}},"15":{"start":{"line":20,"column":21},"end":{"line":20,"column":42}},"16":{"start":{"line":21,"column":19},"end":{"line":21,"column":64}},"17":{"start":{"line":22,"column":2},"end":{"line":22,"column":69}},"18":{"start":{"line":22,"column":17},"end":{"line":22,"column":69}},"19":{"start":{"line":23,"column":2},"end":{"line":23,"column":28}},"20":{"start":{"line":26,"column":0},"end":{"line":26,"column":22}}},"fnMap":{"0":{"name":"(anonymous_8)","decl":{"start":{"line":6,"column":16},"end":{"line":6,"column":23}},"loc":{"start":{"line":6,"column":36},"end":{"line":10,"column":2}}},"1":{"name":"(anonymous_9)","decl":{"start":{"line":6,"column":36},"end":{"line":6,"column":null}},"loc":{"start":{"line":6,"column":36},"end":{"line":10,"column":1}}},"2":{"name":"(anonymous_10)","decl":{"start":{"line":12,"column":17},"end":{"line":12,"column":24}},"loc":{"start":{"line":12,"column":36},"end":{"line":17,"column":2}}},"3":{"name":"(anonymous_11)","decl":{"start":{"line":12,"column":36},"end":{"line":12,"column":null}},"loc":{"start":{"line":12,"column":36},"end":{"line":17,"column":1}}},"4":{"name":"(anonymous_12)","decl":{"start":{"line":19,"column":24},"end":{"line":19,"column":31}},"loc":{"start":{"line":19,"column":43},"end":{"line":24,"column":2}}},"5":{"name":"(anonymous_13)","decl":{"start":{"line":19,"column":43},"end":{"line":19,"column":null}},"loc":{"start":{"line":19,"column":43},"end":{"line":24,"column":1}}}},"branchMap":{"0":{"loc":{"start":{"line":22,"column":2},"end":{"line":22,"column":69}},"type":"if","locations":[{"start":{"line":22,"column":2},"end":{"line":22,"column":69}},{"start":{"line":22,"column":2},"end":{"line":22,"column":69}}]}},"s":{"0":1,"1":1,"2":1,"3":1,"4":0,"5":0,"6":0,"7":0,"8":1,"9":0,"10":0,"11":0,"12":0,"13":1,"14":0,"15":0,"16":0,"17":0,"18":0,"19":0,"20":1},"f":{"0":0,"1":0,"2":0,"3":0,"4":0,"5":0},"b":{"0":[0,0]}}
}
