TN:
SF:src\controllers\client.controller.ts
FN:18,(anonymous_11)
FN:23,(anonymous_13)
FN:28,(anonymous_15)
FN:33,(anonymous_17)
FNF:4
FNH:4
FNDA:1,(anonymous_11)
FNDA:1,(anonymous_13)
FNDA:1,(anonymous_15)
FNDA:1,(anonymous_17)
DA:2,2
DA:3,2
DA:14,2
DA:18,2
DA:19,1
DA:23,2
DA:24,1
DA:28,2
DA:29,1
DA:33,2
DA:34,1
LF:11
LH:11
BRF:0
BRH:0
end_of_record
TN:
SF:src\controllers\co2.controller.ts
FN:14,(anonymous_11)
FN:19,(anonymous_13)
FN:24,(anonymous_15)
FN:29,(anonymous_17)
FNF:4
FNH:4
FNDA:1,(anonymous_11)
FNDA:1,(anonymous_13)
FNDA:1,(anonymous_15)
FNDA:1,(anonymous_17)
DA:2,2
DA:3,2
DA:12,2
DA:14,2
DA:15,1
DA:19,2
DA:20,1
DA:24,2
DA:25,1
DA:29,2
DA:30,1
LF:11
LH:11
BRF:0
BRH:0
end_of_record
TN:
SF:src\controllers\route.controller.ts
FN:13,(anonymous_11)
FN:18,(anonymous_13)
FN:23,(anonymous_15)
FNF:3
FNH:0
FNDA:0,(anonymous_11)
FNDA:0,(anonymous_13)
FNDA:0,(anonymous_15)
DA:2,2
DA:3,2
DA:11,2
DA:13,2
DA:14,0
DA:18,2
DA:19,0
DA:23,2
DA:24,0
LF:9
LH:6
BRF:0
BRH:0
end_of_record
TN:
SF:src\repositories\client.repository.ts
FN:4,(anonymous_7)
FN:4,(anonymous_8)
FN:12,(anonymous_9)
FN:12,(anonymous_10)
FN:20,(anonymous_11)
FN:20,(anonymous_12)
FN:30,(anonymous_13)
FN:30,(anonymous_14)
FNF:8
FNH:8
FNDA:1,(anonymous_7)
FNDA:1,(anonymous_8)
FNDA:1,(anonymous_9)
FNDA:1,(anonymous_10)
FNDA:1,(anonymous_11)
FNDA:1,(anonymous_12)
FNDA:1,(anonymous_13)
FNDA:1,(anonymous_14)
DA:1,2
DA:4,2
DA:6,1
DA:7,1
DA:12,2
DA:13,1
DA:14,1
DA:20,2
DA:21,1
DA:22,1
DA:23,1
DA:30,2
DA:31,1
DA:32,1
LF:14
LH:14
BRF:0
BRH:0
end_of_record
TN:
SF:src\repositories\co2.repository.ts
FN:4,(anonymous_7)
FN:4,(anonymous_8)
FN:11,(anonymous_9)
FN:11,(anonymous_10)
FN:21,(anonymous_11)
FN:21,(anonymous_12)
FN:35,(anonymous_13)
FN:35,(anonymous_14)
FNF:8
FNH:8
FNDA:1,(anonymous_7)
FNDA:1,(anonymous_8)
FNDA:1,(anonymous_9)
FNDA:1,(anonymous_10)
FNDA:1,(anonymous_11)
FNDA:1,(anonymous_12)
FNDA:1,(anonymous_13)
FNDA:1,(anonymous_14)
DA:1,2
DA:4,2
DA:6,1
DA:7,1
DA:11,2
DA:13,1
DA:14,1
DA:21,2
DA:22,1
DA:23,1
DA:24,1
DA:35,2
DA:36,1
DA:37,1
LF:14
LH:14
BRF:0
BRH:0
end_of_record
TN:
SF:src\repositories\route.repository.ts
FN:4,(anonymous_7)
FN:4,(anonymous_8)
FN:11,(anonymous_9)
FN:11,(anonymous_10)
FN:18,(anonymous_11)
FN:18,(anonymous_12)
FNF:6
FNH:0
FNDA:0,(anonymous_7)
FNDA:0,(anonymous_8)
FNDA:0,(anonymous_9)
FNDA:0,(anonymous_10)
FNDA:0,(anonymous_11)
FNDA:0,(anonymous_12)
DA:1,2
DA:4,2
DA:6,0
DA:7,0
DA:11,2
DA:12,0
DA:13,0
DA:18,2
DA:19,0
DA:20,0
DA:21,0
LF:11
LH:4
BRF:0
BRH:0
end_of_record
TN:
SF:src\routes\client.router.ts
FN:7,(anonymous_8)
FN:7,(anonymous_9)
FN:21,(anonymous_10)
FN:21,(anonymous_11)
FN:36,(anonymous_12)
FN:36,(anonymous_13)
FN:47,(anonymous_14)
FN:47,(anonymous_15)
FNF:8
FNH:8
FNDA:1,(anonymous_8)
FNDA:1,(anonymous_9)
FNDA:1,(anonymous_10)
FNDA:1,(anonymous_11)
FNDA:1,(anonymous_12)
FNDA:1,(anonymous_13)
FNDA:1,(anonymous_14)
FNDA:1,(anonymous_15)
DA:1,2
DA:2,2
DA:4,2
DA:7,2
DA:8,1
DA:9,1
DA:10,1
DA:11,1
DA:12,1
DA:15,0
DA:21,2
DA:22,1
DA:23,1
DA:24,1
DA:25,1
DA:26,1
DA:29,0
DA:36,2
DA:37,1
DA:38,1
DA:39,1
DA:40,1
DA:41,1
DA:43,0
DA:47,2
DA:48,1
DA:49,1
DA:50,1
DA:51,1
DA:52,1
DA:55,0
DA:59,2
LF:32
LH:28
BRF:0
BRH:0
end_of_record
TN:
SF:src\routes\co2.router.ts
FN:6,(anonymous_8)
FN:6,(anonymous_9)
FN:17,(anonymous_10)
FN:17,(anonymous_11)
FN:28,(anonymous_12)
FN:28,(anonymous_13)
FN:42,(anonymous_14)
FN:42,(anonymous_15)
FNF:8
FNH:8
FNDA:1,(anonymous_8)
FNDA:1,(anonymous_9)
FNDA:1,(anonymous_10)
FNDA:1,(anonymous_11)
FNDA:1,(anonymous_12)
FNDA:1,(anonymous_13)
FNDA:1,(anonymous_14)
FNDA:1,(anonymous_15)
DA:1,2
DA:2,2
DA:4,2
DA:6,2
DA:7,1
DA:8,1
DA:9,1
DA:10,1
DA:13,0
DA:17,2
DA:18,1
DA:19,1
DA:20,1
DA:21,1
DA:22,1
DA:24,0
DA:28,2
DA:29,1
DA:30,1
DA:31,1
DA:32,0
DA:34,0
DA:37,1
DA:42,2
DA:43,1
DA:44,1
DA:45,1
DA:46,0
DA:48,0
DA:51,1
DA:55,2
LF:31
LH:25
BRF:0
BRH:0
end_of_record
TN:
SF:src\routes\index.ts
FNF:0
FNH:0
DA:1,2
DA:2,2
DA:3,2
DA:4,2
DA:7,2
DA:10,2
DA:11,2
DA:12,2
DA:15,2
LF:9
LH:9
BRF:0
BRH:0
end_of_record
TN:
SF:src\routes\routes.router.ts
FN:6,(anonymous_8)
FN:6,(anonymous_9)
FN:12,(anonymous_10)
FN:12,(anonymous_11)
FN:19,(anonymous_12)
FN:19,(anonymous_13)
FNF:6
FNH:0
FNDA:0,(anonymous_8)
FNDA:0,(anonymous_9)
FNDA:0,(anonymous_10)
FNDA:0,(anonymous_11)
FNDA:0,(anonymous_12)
FNDA:0,(anonymous_13)
DA:1,2
DA:2,2
DA:4,2
DA:6,2
DA:7,0
DA:8,0
DA:9,0
DA:12,2
DA:13,0
DA:14,0
DA:16,0
DA:19,2
DA:20,0
DA:21,0
DA:22,0
DA:23,0
DA:26,2
LF:17
LH:7
BRDA:22,0,0,0
BRDA:22,0,1,0
BRF:2
BRH:0
end_of_record
